<?xml version="1.0" encoding="UTF-8"?>
<testsuite name="com.wizeline.gradle.learningjavagradle.LearningjavagradleApplicationTests" tests="1" skipped="0" failures="0" errors="0" timestamp="2022-11-07T18:13:24" hostname="GS1779459D01LP" time="0.569">
  <properties/>
  <testcase name="contextLoads()" classname="com.wizeline.gradle.learningjavagradle.LearningjavagradleApplicationTests" time="0.569"/>
  <system-out><![CDATA[12:13:09.884 [Test worker] DEBUG org.springframework.test.context.BootstrapUtils - Instantiating CacheAwareContextLoaderDelegate from class [org.springframework.test.context.cache.DefaultCacheAwareContextLoaderDelegate]
12:13:09.923 [Test worker] DEBUG org.springframework.test.context.BootstrapUtils - Instantiating BootstrapContext using constructor [public org.springframework.test.context.support.DefaultBootstrapContext(java.lang.Class,org.springframework.test.context.CacheAwareContextLoaderDelegate)]
12:13:10.037 [Test worker] DEBUG org.springframework.test.context.BootstrapUtils - Instantiating TestContextBootstrapper for test class [com.wizeline.gradle.learningjavagradle.LearningjavagradleApplicationTests] from class [org.springframework.boot.test.context.SpringBootTestContextBootstrapper]
12:13:10.073 [Test worker] INFO org.springframework.boot.test.context.SpringBootTestContextBootstrapper - Neither @ContextConfiguration nor @ContextHierarchy found for test class [com.wizeline.gradle.learningjavagradle.LearningjavagradleApplicationTests], using SpringBootContextLoader
12:13:10.086 [Test worker] DEBUG org.springframework.test.context.support.AbstractContextLoader - Did not detect default resource location for test class [com.wizeline.gradle.learningjavagradle.LearningjavagradleApplicationTests]: class path resource [com/wizeline/gradle/learningjavagradle/LearningjavagradleApplicationTests-context.xml] does not exist
12:13:10.087 [Test worker] DEBUG org.springframework.test.context.support.AbstractContextLoader - Did not detect default resource location for test class [com.wizeline.gradle.learningjavagradle.LearningjavagradleApplicationTests]: class path resource [com/wizeline/gradle/learningjavagradle/LearningjavagradleApplicationTestsContext.groovy] does not exist
12:13:10.088 [Test worker] INFO org.springframework.test.context.support.AbstractContextLoader - Could not detect default resource locations for test class [com.wizeline.gradle.learningjavagradle.LearningjavagradleApplicationTests]: no resource found for suffixes {-context.xml, Context.groovy}.
12:13:10.090 [Test worker] INFO org.springframework.test.context.support.AnnotationConfigContextLoaderUtils - Could not detect default configuration classes for test class [com.wizeline.gradle.learningjavagradle.LearningjavagradleApplicationTests]: LearningjavagradleApplicationTests does not declare any static, non-private, non-final, nested classes annotated with @Configuration.
12:13:10.229 [Test worker] DEBUG org.springframework.test.context.support.ActiveProfilesUtils - Could not find an 'annotation declaring class' for annotation type [org.springframework.test.context.ActiveProfiles] and class [com.wizeline.gradle.learningjavagradle.LearningjavagradleApplicationTests]
12:13:10.437 [Test worker] DEBUG org.springframework.context.annotation.ClassPathScanningCandidateComponentProvider - Identified candidate component class: file [E:\Users\1059833\Documents\workspace-migracion-spring\learningjavagradle\build\classes\java\main\com\wizeline\gradle\learningjavagradle\LearningjavagradleApplication.class]
12:13:10.440 [Test worker] INFO org.springframework.boot.test.context.SpringBootTestContextBootstrapper - Found @SpringBootConfiguration com.wizeline.gradle.learningjavagradle.LearningjavagradleApplication for test class com.wizeline.gradle.learningjavagradle.LearningjavagradleApplicationTests
12:13:10.673 [Test worker] DEBUG org.springframework.boot.test.context.SpringBootTestContextBootstrapper - @TestExecutionListeners is not present for class [com.wizeline.gradle.learningjavagradle.LearningjavagradleApplicationTests]: using defaults.
12:13:10.674 [Test worker] INFO org.springframework.boot.test.context.SpringBootTestContextBootstrapper - Loaded default TestExecutionListener class names from location [META-INF/spring.factories]: [org.springframework.security.test.context.support.WithSecurityContextTestExecutionListener, org.springframework.security.test.context.support.ReactorContextTestExecutionListener, org.springframework.boot.test.autoconfigure.restdocs.RestDocsTestExecutionListener, org.springframework.boot.test.autoconfigure.web.client.MockRestServiceServerResetTestExecutionListener, org.springframework.boot.test.autoconfigure.web.servlet.MockMvcPrintOnlyOnFailureTestExecutionListener, org.springframework.boot.test.autoconfigure.web.servlet.WebDriverTestExecutionListener, org.springframework.boot.test.autoconfigure.webservices.client.MockWebServiceServerTestExecutionListener, org.springframework.boot.test.mock.mockito.MockitoTestExecutionListener, org.springframework.boot.test.mock.mockito.ResetMocksTestExecutionListener, org.springframework.test.context.web.ServletTestExecutionListener, org.springframework.test.context.support.DirtiesContextBeforeModesTestExecutionListener, org.springframework.test.context.event.ApplicationEventsTestExecutionListener, org.springframework.test.context.support.DependencyInjectionTestExecutionListener, org.springframework.test.context.support.DirtiesContextTestExecutionListener, org.springframework.test.context.transaction.TransactionalTestExecutionListener, org.springframework.test.context.jdbc.SqlScriptsTestExecutionListener, org.springframework.test.context.event.EventPublishingTestExecutionListener]
12:13:10.713 [Test worker] INFO org.springframework.boot.test.context.SpringBootTestContextBootstrapper - Using TestExecutionListeners: [org.springframework.test.context.web.ServletTestExecutionListener@74f157db, org.springframework.test.context.support.DirtiesContextBeforeModesTestExecutionListener@86b4351, org.springframework.test.context.event.ApplicationEventsTestExecutionListener@4ec7f994, org.springframework.boot.test.mock.mockito.MockitoTestExecutionListener@2082c9bf, org.springframework.boot.test.autoconfigure.SpringBootDependencyInjectionTestExecutionListener@5eb30dfb, org.springframework.test.context.support.DirtiesContextTestExecutionListener@c90bcb7, org.springframework.test.context.transaction.TransactionalTestExecutionListener@7d6aefe8, org.springframework.test.context.jdbc.SqlScriptsTestExecutionListener@4b930ecb, org.springframework.security.test.context.support.WithSecurityContextTestExecutionListener@d891e97, org.springframework.test.context.event.EventPublishingTestExecutionListener@4756e95, org.springframework.security.test.context.support.ReactorContextTestExecutionListener@2ecac45c, org.springframework.boot.test.autoconfigure.restdocs.RestDocsTestExecutionListener@7d7c7218, org.springframework.boot.test.autoconfigure.web.client.MockRestServiceServerResetTestExecutionListener@3844a686, org.springframework.boot.test.autoconfigure.web.servlet.MockMvcPrintOnlyOnFailureTestExecutionListener@176a66dd, org.springframework.boot.test.autoconfigure.web.servlet.WebDriverTestExecutionListener@6ffaa848, org.springframework.boot.test.autoconfigure.webservices.client.MockWebServiceServerTestExecutionListener@7188fb1d, org.springframework.boot.test.mock.mockito.ResetMocksTestExecutionListener@6ce5033c]
12:13:10.720 [Test worker] DEBUG org.springframework.test.context.support.AbstractDirtiesContextTestExecutionListener - Before test class: context [DefaultTestContext@1bf908c1 testClass = LearningjavagradleApplicationTests, testInstance = [null], testMethod = [null], testException = [null], mergedContextConfiguration = [WebMergedContextConfiguration@4a790474 testClass = LearningjavagradleApplicationTests, locations = '{}', classes = '{class com.wizeline.gradle.learningjavagradle.LearningjavagradleApplication}', contextInitializerClasses = '[]', activeProfiles = '{}', propertySourceLocations = '{}', propertySourceProperties = '{org.springframework.boot.test.context.SpringBootTestContextBootstrapper=true}', contextCustomizers = set[org.springframework.boot.test.autoconfigure.actuate.metrics.MetricsExportContextCustomizerFactory$DisableMetricExportContextCustomizer@33f8cdea, org.springframework.boot.test.autoconfigure.properties.PropertyMappingContextCustomizer@0, org.springframework.boot.test.autoconfigure.web.servlet.WebDriverContextCustomizerFactory$Customizer@f2f5c56, org.springframework.boot.test.context.filter.ExcludeFilterContextCustomizer@4b7ef013, org.springframework.boot.test.json.DuplicateJsonObjectContextCustomizerFactory$DuplicateJsonObjectContextCustomizer@fa14c7c, org.springframework.boot.test.mock.mockito.MockitoContextCustomizer@0, org.springframework.boot.test.web.client.TestRestTemplateContextCustomizer@799e13c1, org.springframework.boot.test.context.SpringBootTestArgs@1, org.springframework.boot.test.context.SpringBootTestWebEnvironment@20919a], resourceBasePath = 'src/main/webapp', contextLoader = 'org.springframework.boot.test.context.SpringBootContextLoader', parent = [null]], attributes = map['org.springframework.test.context.web.ServletTestExecutionListener.activateListener' -> true]], class annotated with @DirtiesContext [false] with mode [null].

  .   ____          _            __ _ _
 /\\ / ___'_ __ _ _(_)_ __  __ _ \ \ \ \
( ( )\___ | '_ | '_| | '_ \/ _` | \ \ \ \
 \\/  ___)| |_)| | | | | || (_| |  ) ) ) )
  '  |____| .__|_| |_|_| |_\__, | / / / /
 =========|_|==============|___/=/_/_/_/
 :: Spring Boot ::                (v2.7.5)

2022-11-07 12:13:11.334  WARN 36320 --- [    Test worker] ory$DuplicateJsonObjectContextCustomizer : 

Found multiple occurrences of org.json.JSONObject on the class path:

	jar:file:/E:/Users/1059833/.gradle/caches/modules-2/files-2.1/org.json/json/20220320/6df2c050972619466f6dcef7654ef9bcc01dfd0/json-20220320.jar!/org/json/JSONObject.class
	jar:file:/E:/Users/1059833/.gradle/caches/modules-2/files-2.1/com.vaadin.external.google/android-json/0.0.20131108.vaadin1/fa26d351fe62a6a17f5cda1287c1c6110dec413f/android-json-0.0.20131108.vaadin1.jar!/org/json/JSONObject.class

You may wish to exclude one of them to ensure predictable runtime behavior

2022-11-07 12:13:11.362  INFO 36320 --- [    Test worker] w.g.l.LearningjavagradleApplicationTests : Starting LearningjavagradleApplicationTests using Java 11.0.16 on GS1779459D01LP with PID 36320 (started by 1059833 in E:\Users\1059833\Documents\workspace-migracion-spring\learningjavagradle)
2022-11-07 12:13:11.363  INFO 36320 --- [    Test worker] w.g.l.LearningjavagradleApplicationTests : No active profile set, falling back to 1 default profile: "default"
2022-11-07 12:13:13.540  INFO 36320 --- [    Test worker] .s.d.r.c.RepositoryConfigurationDelegate : Bootstrapping Spring Data MongoDB repositories in DEFAULT mode.
2022-11-07 12:13:13.677  INFO 36320 --- [    Test worker] .s.d.r.c.RepositoryConfigurationDelegate : Finished Spring Data repository scanning in 126 ms. Found 1 MongoDB repository interfaces.
2022-11-07 12:13:15.380  INFO 36320 --- [localhost:27017] org.mongodb.driver.cluster               : Exception in monitor thread while connecting to server localhost:27017

com.mongodb.MongoSocketOpenException: Exception opening socket
	at com.mongodb.internal.connection.SocketStream.open(SocketStream.java:70) ~[mongodb-driver-core-4.6.1.jar:na]
	at com.mongodb.internal.connection.InternalStreamConnection.open(InternalStreamConnection.java:180) ~[mongodb-driver-core-4.6.1.jar:na]
	at com.mongodb.internal.connection.DefaultServerMonitor$ServerMonitorRunnable.lookupServerDescription(DefaultServerMonitor.java:193) ~[mongodb-driver-core-4.6.1.jar:na]
	at com.mongodb.internal.connection.DefaultServerMonitor$ServerMonitorRunnable.run(DefaultServerMonitor.java:157) ~[mongodb-driver-core-4.6.1.jar:na]
	at java.base/java.lang.Thread.run(Thread.java:834) ~[na:na]
Caused by: java.net.ConnectException: Connection refused: connect
	at java.base/java.net.PlainSocketImpl.waitForConnect(Native Method) ~[na:na]
	at java.base/java.net.PlainSocketImpl.socketConnect(PlainSocketImpl.java:107) ~[na:na]
	at java.base/java.net.AbstractPlainSocketImpl.doConnect(AbstractPlainSocketImpl.java:412) ~[na:na]
	at java.base/java.net.AbstractPlainSocketImpl.connectToAddress(AbstractPlainSocketImpl.java:255) ~[na:na]
	at java.base/java.net.AbstractPlainSocketImpl.connect(AbstractPlainSocketImpl.java:237) ~[na:na]
	at java.base/java.net.SocksSocketImpl.connect(SocksSocketImpl.java:392) ~[na:na]
	at java.base/java.net.Socket.connect(Socket.java:608) ~[na:na]
	at com.mongodb.internal.connection.SocketStreamHelper.initialize(SocketStreamHelper.java:107) ~[mongodb-driver-core-4.6.1.jar:na]
	at com.mongodb.internal.connection.SocketStream.initializeSocket(SocketStream.java:79) ~[mongodb-driver-core-4.6.1.jar:na]
	at com.mongodb.internal.connection.SocketStream.open(SocketStream.java:65) ~[mongodb-driver-core-4.6.1.jar:na]
	... 4 common frames omitted

2022-11-07 12:13:15.392  INFO 36320 --- [    Test worker] org.mongodb.driver.client                : MongoClient with metadata {"driver": {"name": "mongo-java-driver|sync|spring-boot", "version": "4.6.1"}, "os": {"type": "Windows", "name": "Windows 10", "architecture": "amd64", "version": "10.0"}, "platform": "Java/Oracle Corporation/11.0.16+11-LTS-199"} created with settings MongoClientSettings{readPreference=primary, writeConcern=WriteConcern{w=null, wTimeout=null ms, journal=null}, retryWrites=true, retryReads=true, readConcern=ReadConcern{level=null}, credential=null, streamFactoryFactory=null, commandListeners=[io.micrometer.core.instrument.binder.mongodb.MongoMetricsCommandListener@50e61499], codecRegistry=ProvidersCodecRegistry{codecProviders=[ValueCodecProvider{}, BsonValueCodecProvider{}, DBRefCodecProvider{}, DBObjectCodecProvider{}, DocumentCodecProvider{}, IterableCodecProvider{}, MapCodecProvider{}, GeoJsonCodecProvider{}, GridFSFileCodecProvider{}, Jsr310CodecProvider{}, JsonObjectCodecProvider{}, BsonCodecProvider{}, EnumCodecProvider{}, com.mongodb.Jep395RecordCodecProvider@41df4a09]}, clusterSettings={hosts=[localhost:27017], srvServiceName=mongodb, mode=SINGLE, requiredClusterType=UNKNOWN, requiredReplicaSetName='null', serverSelector='null', clusterListeners='[]', serverSelectionTimeout='30000 ms', localThreshold='30000 ms'}, socketSettings=SocketSettings{connectTimeoutMS=10000, readTimeoutMS=0, receiveBufferSize=0, sendBufferSize=0}, heartbeatSocketSettings=SocketSettings{connectTimeoutMS=10000, readTimeoutMS=10000, receiveBufferSize=0, sendBufferSize=0}, connectionPoolSettings=ConnectionPoolSettings{maxSize=100, minSize=0, maxWaitTimeMS=120000, maxConnectionLifeTimeMS=0, maxConnectionIdleTimeMS=0, maintenanceInitialDelayMS=0, maintenanceFrequencyMS=60000, connectionPoolListeners=[io.micrometer.core.instrument.binder.mongodb.MongoMetricsConnectionPoolListener@169837c3], maxConnecting=2}, serverSettings=ServerSettings{heartbeatFrequencyMS=10000, minHeartbeatFrequencyMS=500, serverListeners='[]', serverMonitorListeners='[]'}, sslSettings=SslSettings{enabled=false, invalidHostNameAllowed=false, context=null}, applicationName='null', compressorList=[], uuidRepresentation=JAVA_LEGACY, serverApi=null, autoEncryptionSettings=null, contextProvider=null}
2022-11-07 12:13:23.838  INFO 36320 --- [    Test worker] o.s.b.a.e.web.EndpointLinksResolver      : Exposing 7 endpoint(s) beneath base path '/actuator'
2022-11-07 12:13:23.939  INFO 36320 --- [    Test worker] o.s.s.web.DefaultSecurityFilterChain     : Will secure any request with [org.springframework.security.web.session.DisableEncodeUrlFilter@70164a83, org.springframework.security.web.context.request.async.WebAsyncManagerIntegrationFilter@1bb4f7a, org.springframework.security.web.context.SecurityContextPersistenceFilter@67839ee8, org.springframework.security.web.header.HeaderWriterFilter@1855eedd, org.springframework.web.filter.CorsFilter@5eefbed5, org.springframework.security.web.authentication.logout.LogoutFilter@59a2a5a, com.wizeline.gradle.learningjavagradle.config.JwtTokenFilter@3e712a9d, org.springframework.security.web.authentication.www.BasicAuthenticationFilter@7be3674d, org.springframework.security.web.savedrequest.RequestCacheAwareFilter@2629fc1d, org.springframework.security.web.servletapi.SecurityContextHolderAwareRequestFilter@5da642ee, org.springframework.security.web.authentication.AnonymousAuthenticationFilter@7cf12d82, org.springframework.security.web.session.SessionManagementFilter@3e87ff16, org.springframework.security.web.access.ExceptionTranslationFilter@389cd56a, org.springframework.security.web.access.intercept.FilterSecurityInterceptor@2b00017c]
2022-11-07 12:13:24.825  INFO 36320 --- [    Test worker] w.g.l.LearningjavagradleApplicationTests : Started LearningjavagradleApplicationTests in 14.037 seconds (JVM running for 19.494)
]]></system-out>
  <system-err><![CDATA[]]></system-err>
</testsuite>
